# JRE version: OpenJDK Runtime Environment (11.0.2+9) (build 11.0.2+9)
# Java VM: OpenJDK 64-Bit Server VM (11.0.2+9, mixed mode, tiered, compressed oops, g1 gc, windows-amd64)
Heap:
 garbage-first heap   total 175104K, used 112191K [0x0000000740000000, 0x0000000800000000)
  region size 1024K, 22 young (22528K), 0 survivors (0K)
 Metaspace       used 98183K, capacity 99220K, committed 101552K, reserved 1136640K
  class space    used 12813K, capacity 13217K, committed 14080K, reserved 1048576K
GC Heap History (10 events):
Event: 17645.626 GC heap before
{Heap before GC invocations=922 (full 186):
 garbage-first heap   total 175104K, used 152128K [0x0000000740000000, 0x0000000800000000)
  region size 1024K, 60 young (61440K), 0 survivors (0K)
 Metaspace       used 98160K, capacity 99211K, committed 101552K, reserved 1136640K
  class space    used 12813K, capacity 13217K, committed 14080K, reserved 1048576K
}
Event: 17645.627 GC heap after
{Heap after GC invocations=923 (full 186):
 garbage-first heap   total 175104K, used 91145K [0x0000000740000000, 0x0000000800000000)
  region size 1024K, 1 young (1024K), 1 survivors (1024K)
 Metaspace       used 98160K, capacity 99211K, committed 101552K, reserved 1136640K
  class space    used 12813K, capacity 13217K, committed 14080K, reserved 1048576K
}
Event: 17647.571 GC heap before
{Heap before GC invocations=924 (full 186):
 garbage-first heap   total 175104K, used 151561K [0x0000000740000000, 0x0000000800000000)
  region size 1024K, 60 young (61440K), 1 survivors (1024K)
 Metaspace       used 98160K, capacity 99211K, committed 101552K, reserved 1136640K
  class space    used 12813K, capacity 13217K, committed 14080K, reserved 1048576K
}
Event: 17647.572 GC heap after
{Heap after GC invocations=925 (full 186):
 garbage-first heap   total 175104K, used 91254K [0x0000000740000000, 0x0000000800000000)
  region size 1024K, 1 young (1024K), 1 survivors (1024K)
 Metaspace       used 98160K, capacity 99211K, committed 101552K, reserved 1136640K
  class space    used 12813K, capacity 13217K, committed 14080K, reserved 1048576K
}
Event: 17649.254 GC heap before
{Heap before GC invocations=925 (full 186):
 garbage-first heap   total 175104K, used 151670K [0x0000000740000000, 0x0000000800000000)
  region size 1024K, 60 young (61440K), 1 survivors (1024K)
 Metaspace       used 98166K, capacity 99220K, committed 101552K, reserved 1136640K
  class space    used 12813K, capacity 13217K, committed 14080K, reserved 1048576K
}
Event: 17649.256 GC heap after
{Heap after GC invocations=926 (full 186):
 garbage-first heap   total 175104K, used 91493K [0x0000000740000000, 0x0000000800000000)
  region size 1024K, 1 young (1024K), 1 survivors (1024K)
 Metaspace       used 98166K, capacity 99220K, committed 101552K, reserved 1136640K
  class space    used 12813K, capacity 13217K, committed 14080K, reserved 1048576K
}
Event: 17650.386 GC heap before
{Heap before GC invocations=927 (full 186):
 garbage-first heap   total 175104K, used 151909K [0x0000000740000000, 0x0000000800000000)
  region size 1024K, 60 young (61440K), 1 survivors (1024K)
 Metaspace       used 98166K, capacity 99220K, committed 101552K, reserved 1136640K
  class space    used 12813K, capacity 13217K, committed 14080K, reserved 1048576K
}
Event: 17650.388 GC heap after
{Heap after GC invocations=928 (full 186):
 garbage-first heap   total 175104K, used 92163K [0x0000000740000000, 0x0000000800000000)
  region size 1024K, 2 young (2048K), 2 survivors (2048K)
 Metaspace       used 98166K, capacity 99220K, committed 101552K, reserved 1136640K
  class space    used 12813K, capacity 13217K, committed 14080K, reserved 1048576K
}
Event: 17650.561 GC heap before
{Heap before GC invocations=928 (full 186):
 garbage-first heap   total 175104K, used 97283K [0x0000000740000000, 0x0000000800000000)
  region size 1024K, 8 young (8192K), 2 survivors (2048K)
 Metaspace       used 98174K, capacity 99220K, committed 101552K, reserved 1136640K
  class space    used 12813K, capacity 13217K, committed 14080K, reserved 1048576K
}
Event: 17650.603 GC heap after
{Heap after GC invocations=929 (full 187):
 garbage-first heap   total 175104K, used 90687K [0x0000000740000000, 0x0000000800000000)
  region size 1024K, 0 young (0K), 0 survivors (0K)
 Metaspace       used 98174K, capacity 99220K, committed 101552K, reserved 1136640K
  class space    used 12813K, capacity 13217K, committed 14080K, reserved 1048576K
}

